Abbi
Agatha
Alba
Alisa
Amana
Amora
Amy
Anami
Anaya
Ariel
Aurora
Beca
Bella
Belle
Bento
Bernardo
Betina
Branca
Breno
Carrie
Cherry
Clare
Clarice
Clover
Cristal
Daniel
Dante
Donatella
Elena
Elsa
Emma
Enrico
Eva
Fany
Fiorela
Gael
Giovana
Giulia
Grace
Gustavo
Hanna
Heidi
Heitor
Henrique
Henry
Iara
Irani
Isabel
Jaci
Jane
Joaquim
Justine
Kalifa
Lana
Lara
Layla
Lea
Leonardo
Levi
Lorenzo
Louise
Lucas
Mahara
Maiara
Maria
Marie
Marta
Mary
Mathias
Megan
Merida
Michele
Miguel
Moana
Moema
Mulan
Nina
Paola
Pedro
Pietro
Pilar
Pocahontas
Rafael
Raul
Rita
Rodrigo
Ruan
Samuel
Serenity
Stacy
Stella
Surya
Susana
Theodoro
Thomas
Tulipa
Violeta
Yago
Yuri
Zorah

Mary
