Aba
Abbi
Abigail
Alba
Alda
Alexia
Alice
Alira
Amandy
Amber
Amora
Anahi
Ananya
Anna
Anthony
Arthur
Augusto
Avani
Ayla
Ayra
Belinda
Benjamin
Bernardo
Betina
Bryan
Callie
Catharina
Charlotte
Chloe
Clara
Dara
Diana
Dina
Eduardo
Emanuel
Emily
Enzo
Erick
Ester
Eva
Fany
Fiorela
Flora
Gabriel
Greta
Guilherme
Hanna
Irani
Isadora
Jade
Jamila
Jane
Janine
Jasmine
Kaolin
Kiara
Kim
Lana
Leah
Leia
Lia
Lis
Lucca
Maiara
Margot
Marie
Martin
Martina
Maya
Megan
Melissa
Murilo
Nala
Nathan
Nayana
Nicolas
Nina
Noemi
Oliver
Otto
Pedro
Pilar
Rael
Rafael
Ravi
Rebeca
Ryan
Samuel
Susi
Talita
Tamar
Tayla
Thales
Thaynara
Thiago
Uyara
Valentim
Verena
Vitor
Yan

Fiorela
